[15-Aug-2025 13:05:18 Europe/Berlin] PHP Fatal error:  Uncaught Error: Undefined constant "ADMIN_ASSETS" in C:\xampp\htdocs\duan1\views\admin\header.php:13
Stack trace:
#0 C:\xampp\htdocs\duan1\views\admin\dashboard.php(1): include_once()
#1 C:\xampp\htdocs\duan1\common\function.php(17): include_once('C:\\xampp\\htdocs...')
#2 C:\xampp\htdocs\duan1\controllers\Admin\DashboardController.php(11): view('admin/dashboard')
#3 C:\xampp\htdocs\duan1\admin\index.php(28): DashboardController->index()
#4 {main}
  thrown in C:\xampp\htdocs\duan1\views\admin\header.php on line 13
[15-Aug-2025 13:05:18 Europe/Berlin] PHP Fatal error:  Uncaught Error: Undefined constant "ADMIN_ASSETS" in C:\xampp\htdocs\duan1\views\admin\header.php:13
Stack trace:
#0 C:\xampp\htdocs\duan1\views\admin\dashboard.php(1): include_once()
#1 C:\xampp\htdocs\duan1\common\function.php(17): include_once('C:\\xampp\\htdocs...')
#2 C:\xampp\htdocs\duan1\controllers\Admin\DashboardController.php(11): view('admin/dashboard')
#3 C:\xampp\htdocs\duan1\admin\index.php(28): DashboardController->index()
#4 {main}
  thrown in C:\xampp\htdocs\duan1\views\admin\header.php on line 13
[15-Aug-2025 13:05:19 Europe/Berlin] PHP Fatal error:  Uncaught Error: Undefined constant "ADMIN_ASSETS" in C:\xampp\htdocs\duan1\views\admin\header.php:13
Stack trace:
#0 C:\xampp\htdocs\duan1\views\admin\dashboard.php(1): include_once()
#1 C:\xampp\htdocs\duan1\common\function.php(17): include_once('C:\\xampp\\htdocs...')
#2 C:\xampp\htdocs\duan1\controllers\Admin\DashboardController.php(11): view('admin/dashboard')
#3 C:\xampp\htdocs\duan1\admin\index.php(28): DashboardController->index()
#4 {main}
  thrown in C:\xampp\htdocs\duan1\views\admin\header.php on line 13
[15-Aug-2025 13:05:19 Europe/Berlin] PHP Fatal error:  Uncaught Error: Undefined constant "ADMIN_ASSETS" in C:\xampp\htdocs\duan1\views\admin\header.php:13
Stack trace:
#0 C:\xampp\htdocs\duan1\views\admin\dashboard.php(1): include_once()
#1 C:\xampp\htdocs\duan1\common\function.php(17): include_once('C:\\xampp\\htdocs...')
#2 C:\xampp\htdocs\duan1\controllers\Admin\DashboardController.php(11): view('admin/dashboard')
#3 C:\xampp\htdocs\duan1\admin\index.php(28): DashboardController->index()
#4 {main}
  thrown in C:\xampp\htdocs\duan1\views\admin\header.php on line 13
[15-Aug-2025 13:05:19 Europe/Berlin] PHP Fatal error:  Uncaught Error: Undefined constant "ADMIN_ASSETS" in C:\xampp\htdocs\duan1\views\admin\header.php:13
Stack trace:
#0 C:\xampp\htdocs\duan1\views\admin\dashboard.php(1): include_once()
#1 C:\xampp\htdocs\duan1\common\function.php(17): include_once('C:\\xampp\\htdocs...')
#2 C:\xampp\htdocs\duan1\controllers\Admin\DashboardController.php(11): view('admin/dashboard')
#3 C:\xampp\htdocs\duan1\admin\index.php(28): DashboardController->index()
#4 {main}
  thrown in C:\xampp\htdocs\duan1\views\admin\header.php on line 13
[15-Aug-2025 13:05:19 Europe/Berlin] PHP Fatal error:  Uncaught Error: Undefined constant "ADMIN_ASSETS" in C:\xampp\htdocs\duan1\views\admin\header.php:13
Stack trace:
#0 C:\xampp\htdocs\duan1\views\admin\dashboard.php(1): include_once()
#1 C:\xampp\htdocs\duan1\common\function.php(17): include_once('C:\\xampp\\htdocs...')
#2 C:\xampp\htdocs\duan1\controllers\Admin\DashboardController.php(11): view('admin/dashboard')
#3 C:\xampp\htdocs\duan1\admin\index.php(28): DashboardController->index()
#4 {main}
  thrown in C:\xampp\htdocs\duan1\views\admin\header.php on line 13
[15-Aug-2025 13:05:19 Europe/Berlin] PHP Fatal error:  Uncaught Error: Undefined constant "ADMIN_ASSETS" in C:\xampp\htdocs\duan1\views\admin\header.php:13
Stack trace:
#0 C:\xampp\htdocs\duan1\views\admin\dashboard.php(1): include_once()
#1 C:\xampp\htdocs\duan1\common\function.php(17): include_once('C:\\xampp\\htdocs...')
#2 C:\xampp\htdocs\duan1\controllers\Admin\DashboardController.php(11): view('admin/dashboard')
#3 C:\xampp\htdocs\duan1\admin\index.php(28): DashboardController->index()
#4 {main}
  thrown in C:\xampp\htdocs\duan1\views\admin\header.php on line 13
[15-Aug-2025 13:05:19 Europe/Berlin] PHP Fatal error:  Uncaught Error: Undefined constant "ADMIN_ASSETS" in C:\xampp\htdocs\duan1\views\admin\header.php:13
Stack trace:
#0 C:\xampp\htdocs\duan1\views\admin\dashboard.php(1): include_once()
#1 C:\xampp\htdocs\duan1\common\function.php(17): include_once('C:\\xampp\\htdocs...')
#2 C:\xampp\htdocs\duan1\controllers\Admin\DashboardController.php(11): view('admin/dashboard')
#3 C:\xampp\htdocs\duan1\admin\index.php(28): DashboardController->index()
#4 {main}
  thrown in C:\xampp\htdocs\duan1\views\admin\header.php on line 13
[15-Aug-2025 13:07:49 Europe/Berlin] Kết nối CSDL thành công
[15-Aug-2025 13:07:49 Europe/Berlin] Kết nối CSDL thành công
[15-Aug-2025 13:07:49 Europe/Berlin] Kết nối CSDL thành công
[15-Aug-2025 13:07:49 Europe/Berlin] Kết nối CSDL thành công
[15-Aug-2025 13:10:59 Europe/Berlin] Kết nối CSDL thành công
[15-Aug-2025 13:10:59 Europe/Berlin] Kết nối CSDL thành công
[15-Aug-2025 13:10:59 Europe/Berlin] Kết nối CSDL thành công
[15-Aug-2025 13:10:59 Europe/Berlin] Kết nối CSDL thành công
[15-Aug-2025 13:11:23 Europe/Berlin] Kết nối CSDL thành công
[15-Aug-2025 13:11:31 Europe/Berlin] Kết nối CSDL thành công
[15-Aug-2025 13:11:33 Europe/Berlin] Kết nối CSDL thành công
[15-Aug-2025 13:20:44 Europe/Berlin] Kết nối CSDL thành công
[15-Aug-2025 13:20:50 Europe/Berlin] Kết nối CSDL thành công
[15-Aug-2025 13:20:52 Europe/Berlin] Kết nối CSDL thành công
[15-Aug-2025 13:20:54 Europe/Berlin] Kết nối CSDL thành công
[15-Aug-2025 13:20:56 Europe/Berlin] Kết nối CSDL thành công
[15-Aug-2025 13:20:58 Europe/Berlin] Kết nối CSDL thành công
[15-Aug-2025 13:21:02 Europe/Berlin] Kết nối CSDL thành công
[15-Aug-2025 13:21:05 Europe/Berlin] Kết nối CSDL thành công
[15-Aug-2025 13:21:05 Europe/Berlin] Kết nối CSDL thành công
[15-Aug-2025 13:21:06 Europe/Berlin] Kết nối CSDL thành công
[15-Aug-2025 13:21:06 Europe/Berlin] Kết nối CSDL thành công
[15-Aug-2025 13:21:06 Europe/Berlin] Kết nối CSDL thành công
[15-Aug-2025 13:21:06 Europe/Berlin] Kết nối CSDL thành công
[15-Aug-2025 13:21:06 Europe/Berlin] Kết nối CSDL thành công
[15-Aug-2025 13:21:10 Europe/Berlin] Kết nối CSDL thành công
[15-Aug-2025 13:21:10 Europe/Berlin] Kết nối CSDL thành công
[15-Aug-2025 13:21:10 Europe/Berlin] Kết nối CSDL thành công
[15-Aug-2025 13:21:10 Europe/Berlin] Kết nối CSDL thành công
[15-Aug-2025 13:21:13 Europe/Berlin] Kết nối CSDL thành công
[15-Aug-2025 13:21:18 Europe/Berlin] Kết nối CSDL thành công
[15-Aug-2025 13:21:20 Europe/Berlin] Kết nối CSDL thành công
[15-Aug-2025 13:21:20 Europe/Berlin] Kết nối CSDL thành công
[15-Aug-2025 13:21:20 Europe/Berlin] Kết nối CSDL thành công
[15-Aug-2025 13:21:20 Europe/Berlin] Kết nối CSDL thành công
[15-Aug-2025 13:21:22 Europe/Berlin] Kết nối CSDL thành công
[15-Aug-2025 13:21:25 Europe/Berlin] Kết nối CSDL thành công
[15-Aug-2025 13:21:33 Europe/Berlin] Kết nối CSDL thành công
[15-Aug-2025 13:21:34 Europe/Berlin] Kết nối CSDL thành công
[15-Aug-2025 13:21:34 Europe/Berlin] Kết nối CSDL thành công
[15-Aug-2025 13:21:34 Europe/Berlin] Kết nối CSDL thành công
[15-Aug-2025 13:21:34 Europe/Berlin] Kết nối CSDL thành công
[15-Aug-2025 13:21:35 Europe/Berlin] Kết nối CSDL thành công
[15-Aug-2025 13:21:38 Europe/Berlin] Kết nối CSDL thành công
[15-Aug-2025 13:21:38 Europe/Berlin] Kết nối CSDL thành công
[15-Aug-2025 13:21:38 Europe/Berlin] Kết nối CSDL thành công
[15-Aug-2025 13:21:38 Europe/Berlin] Kết nối CSDL thành công
[15-Aug-2025 13:21:38 Europe/Berlin] Kết nối CSDL thành công
[15-Aug-2025 13:21:38 Europe/Berlin] Kết nối CSDL thành công
[15-Aug-2025 13:21:41 Europe/Berlin] Kết nối CSDL thành công
[15-Aug-2025 13:21:42 Europe/Berlin] Kết nối CSDL thành công
[15-Aug-2025 13:21:42 Europe/Berlin] Kết nối CSDL thành công
[15-Aug-2025 13:21:42 Europe/Berlin] Kết nối CSDL thành công
[15-Aug-2025 13:21:42 Europe/Berlin] Kết nối CSDL thành công
[15-Aug-2025 13:21:43 Europe/Berlin] Kết nối CSDL thành công
[15-Aug-2025 13:21:46 Europe/Berlin] Kết nối CSDL thành công
[15-Aug-2025 13:21:49 Europe/Berlin] Kết nối CSDL thành công
[15-Aug-2025 13:21:51 Europe/Berlin] Kết nối CSDL thành công
[15-Aug-2025 13:21:56 Europe/Berlin] Kết nối CSDL thành công
[15-Aug-2025 13:21:56 Europe/Berlin] Kết nối CSDL thành công
[15-Aug-2025 13:21:57 Europe/Berlin] Kết nối CSDL thành công
[15-Aug-2025 13:22:02 Europe/Berlin] Kết nối CSDL thành công
[15-Aug-2025 13:22:02 Europe/Berlin] Kết nối CSDL thành công
[15-Aug-2025 13:22:10 Europe/Berlin] Kết nối CSDL thành công
[15-Aug-2025 13:22:12 Europe/Berlin] Kết nối CSDL thành công
[15-Aug-2025 13:22:12 Europe/Berlin] Kết nối CSDL thành công
[15-Aug-2025 13:22:13 Europe/Berlin] Kết nối CSDL thành công
[15-Aug-2025 13:22:17 Europe/Berlin] Kết nối CSDL thành công
[15-Aug-2025 13:22:17 Europe/Berlin] Kết nối CSDL thành công
[15-Aug-2025 13:22:21 Europe/Berlin] Kết nối CSDL thành công
[15-Aug-2025 13:22:21 Europe/Berlin] Kết nối CSDL thành công
[15-Aug-2025 13:22:24 Europe/Berlin] Kết nối CSDL thành công
[15-Aug-2025 13:22:26 Europe/Berlin] Kết nối CSDL thành công
[15-Aug-2025 13:22:30 Europe/Berlin] Kết nối CSDL thành công
[15-Aug-2025 13:22:32 Europe/Berlin] Kết nối CSDL thành công
[15-Aug-2025 13:22:45 Europe/Berlin] Kết nối CSDL thành công
[15-Aug-2025 13:22:46 Europe/Berlin] Kết nối CSDL thành công
[15-Aug-2025 13:22:48 Europe/Berlin] Kết nối CSDL thành công
[15-Aug-2025 13:22:48 Europe/Berlin] Kết nối CSDL thành công
[15-Aug-2025 13:22:48 Europe/Berlin] Kết nối CSDL thành công
[15-Aug-2025 13:22:48 Europe/Berlin] Kết nối CSDL thành công
[15-Aug-2025 13:22:49 Europe/Berlin] Kết nối CSDL thành công
[15-Aug-2025 13:22:49 Europe/Berlin] Kết nối CSDL thành công
[15-Aug-2025 13:22:51 Europe/Berlin] Kết nối CSDL thành công
[15-Aug-2025 13:23:00 Europe/Berlin] Kết nối CSDL thành công
[15-Aug-2025 13:23:00 Europe/Berlin] Kết nối CSDL thành công
[15-Aug-2025 13:23:05 Europe/Berlin] Kết nối CSDL thành công
[15-Aug-2025 13:23:05 Europe/Berlin] Kết nối CSDL thành công
[15-Aug-2025 13:23:05 Europe/Berlin] Kết nối CSDL thành công
[15-Aug-2025 13:23:05 Europe/Berlin] Kết nối CSDL thành công
[15-Aug-2025 13:23:07 Europe/Berlin] Kết nối CSDL thành công
[15-Aug-2025 13:23:07 Europe/Berlin] Kết nối CSDL thành công
[15-Aug-2025 13:23:07 Europe/Berlin] Kết nối CSDL thành công
[15-Aug-2025 13:23:07 Europe/Berlin] Kết nối CSDL thành công
[15-Aug-2025 13:23:07 Europe/Berlin] Kết nối CSDL thành công
[15-Aug-2025 13:23:07 Europe/Berlin] Kết nối CSDL thành công
[15-Aug-2025 13:23:11 Europe/Berlin] Kết nối CSDL thành công
[15-Aug-2025 13:23:11 Europe/Berlin] Kết nối CSDL thành công
[15-Aug-2025 13:23:11 Europe/Berlin] Kết nối CSDL thành công
[15-Aug-2025 13:23:11 Europe/Berlin] Kết nối CSDL thành công
[15-Aug-2025 13:23:11 Europe/Berlin] Kết nối CSDL thành công
[15-Aug-2025 13:23:11 Europe/Berlin] Kết nối CSDL thành công
[15-Aug-2025 13:23:11 Europe/Berlin] Kết nối CSDL thành công
[15-Aug-2025 13:23:13 Europe/Berlin] Kết nối CSDL thành công
[15-Aug-2025 13:23:15 Europe/Berlin] Kết nối CSDL thành công
[15-Aug-2025 13:23:15 Europe/Berlin] Kết nối CSDL thành công
[15-Aug-2025 13:23:15 Europe/Berlin] Kết nối CSDL thành công
[15-Aug-2025 13:23:15 Europe/Berlin] Kết nối CSDL thành công
[15-Aug-2025 13:23:15 Europe/Berlin] Kết nối CSDL thành công
[15-Aug-2025 13:23:15 Europe/Berlin] Kết nối CSDL thành công
[15-Aug-2025 13:23:21 Europe/Berlin] Kết nối CSDL thành công
[15-Aug-2025 13:23:23 Europe/Berlin] Kết nối CSDL thành công
[15-Aug-2025 13:23:24 Europe/Berlin] Kết nối CSDL thành công
[15-Aug-2025 13:24:29 Europe/Berlin] Kết nối CSDL thành công
[15-Aug-2025 13:24:29 Europe/Berlin] Kết nối CSDL thành công
[15-Aug-2025 13:24:29 Europe/Berlin] Kết nối CSDL thành công
[15-Aug-2025 13:24:29 Europe/Berlin] Kết nối CSDL thành công
[15-Aug-2025 13:24:31 Europe/Berlin] Kết nối CSDL thành công
[15-Aug-2025 13:24:38 Europe/Berlin] Kết nối CSDL thành công
[15-Aug-2025 13:24:39 Europe/Berlin] Kết nối CSDL thành công
[15-Aug-2025 13:24:41 Europe/Berlin] Kết nối CSDL thành công
[15-Aug-2025 13:24:43 Europe/Berlin] Kết nối CSDL thành công
[15-Aug-2025 13:24:44 Europe/Berlin] Kết nối CSDL thành công
[15-Aug-2025 13:24:45 Europe/Berlin] Kết nối CSDL thành công
[15-Aug-2025 13:24:47 Europe/Berlin] Kết nối CSDL thành công
